<?xml version='1.0' encoding='UTF-8'?>
<testsuite hostname="Igor-Soto.local" name="UserServiceSpec" tests="1" errors="0" failures="1" skipped="0" time="0.018" timestamp="2019-11-12T11:50:29">
                     <properties>
[...]
</properties>
                     <testcase classname="UserServiceSpec" name="authenticate should call repository once" time="0.018">
                                                 <failure message="Unsatisfied expectation:

Expected:
inAnyOrder {
  &lt;mock-1&gt; UserRepository.authenticate(User(test,test)) twice (called once - UNSATISFIED)
}

Actual:
  &lt;mock-1&gt; UserRepository.authenticate(User(test,test))" type="org.scalatest.exceptions.TestFailedException">org.scalatest.exceptions.TestFailedException: Unsatisfied expectation:

Expected:
inAnyOrder {
  &lt;mock-1&gt; UserRepository.authenticate(User(test,test)) twice (called once - UNSATISFIED)
}

Actual:
  &lt;mock-1&gt; UserRepository.authenticate(User(test,test))
	at org.scalamock.scalatest.AbstractMockFactory.newExpectationException(AbstractMockFactory.scala:51)
	at org.scalamock.scalatest.AbstractMockFactory.newExpectationException$(AbstractMockFactory.scala:50)
	at UserServiceSpec.newExpectationException(UserServiceSpec.scala:16)
	at UserServiceSpec.newExpectationException(UserServiceSpec.scala:16)
	at org.scalamock.context.MockContext.reportUnsatisfiedExpectation(MockContext.scala:45)
	at org.scalamock.context.MockContext.reportUnsatisfiedExpectation$(MockContext.scala:44)
	at UserServiceSpec.reportUnsatisfiedExpectation(UserServiceSpec.scala:16)
	at org.scalamock.MockFactoryBase.verifyExpectations(MockFactoryBase.scala:108)
	at org.scalamock.MockFactoryBase.withExpectations(MockFactoryBase.scala:56)
	at org.scalamock.MockFactoryBase.withExpectations$(MockFactoryBase.scala:47)
	at UserServiceSpec.withExpectations(UserServiceSpec.scala:16)
	at org.scalamock.scalatest.AbstractMockFactory.withFixture(AbstractMockFactory.scala:34)
	at org.scalamock.scalatest.AbstractMockFactory.withFixture$(AbstractMockFactory.scala:31)
	at UserServiceSpec.withFixture(UserServiceSpec.scala:16)
	at org.scalatest.FlatSpecLike.invokeWithFixture$1(FlatSpecLike.scala:1680)
	at org.scalatest.FlatSpecLike.$anonfun$runTest$1(FlatSpecLike.scala:1692)
	at org.scalatest.SuperEngine.runTestImpl(Engine.scala:289)
	at org.scalatest.FlatSpecLike.runTest(FlatSpecLike.scala:1692)
	at org.scalatest.FlatSpecLike.runTest$(FlatSpecLike.scala:1674)
	at org.scalatest.FlatSpec.runTest(FlatSpec.scala:1685)
	at org.scalatest.FlatSpecLike.$anonfun$runTests$1(FlatSpecLike.scala:1750)
	at org.scalatest.SuperEngine.$anonfun$runTestsInBranch$1(Engine.scala:396)
	at scala.collection.immutable.List.foreach(List.scala:392)
	at org.scalatest.SuperEngine.traverseSubNodes$1(Engine.scala:384)
	at org.scalatest.SuperEngine.runTestsInBranch(Engine.scala:373)
	at org.scalatest.SuperEngine.$anonfun$runTestsInBranch$1(Engine.scala:410)
	at scala.collection.immutable.List.foreach(List.scala:392)
	at org.scalatest.SuperEngine.traverseSubNodes$1(Engine.scala:384)
	at org.scalatest.SuperEngine.runTestsInBranch(Engine.scala:379)
	at org.scalatest.SuperEngine.runTestsImpl(Engine.scala:461)
	at org.scalatest.FlatSpecLike.runTests(FlatSpecLike.scala:1750)
	at org.scalatest.FlatSpecLike.runTests$(FlatSpecLike.scala:1749)
	at org.scalatest.FlatSpec.runTests(FlatSpec.scala:1685)
	at org.scalatest.Suite.run(Suite.scala:1147)
	at org.scalatest.Suite.run$(Suite.scala:1129)
	at org.scalatest.FlatSpec.org$scalatest$FlatSpecLike$$super$run(FlatSpec.scala:1685)
	at org.scalatest.FlatSpecLike.$anonfun$run$1(FlatSpecLike.scala:1795)
	at org.scalatest.SuperEngine.runImpl(Engine.scala:521)
	at org.scalatest.FlatSpecLike.run(FlatSpecLike.scala:1795)
	at org.scalatest.FlatSpecLike.run$(FlatSpecLike.scala:1793)
	at org.scalatest.FlatSpec.run(FlatSpec.scala:1685)
	at org.scalatest.tools.Framework.org$scalatest$tools$Framework$$runSuite(Framework.scala:314)
	at org.scalatest.tools.Framework$ScalaTestTask.execute(Framework.scala:507)
	at sbt.TestRunner.runTest$1(TestFramework.scala:139)
	at sbt.TestRunner.run(TestFramework.scala:154)
	at sbt.TestFramework$$anon$3$$anonfun$$lessinit$greater$1.$anonfun$apply$1(TestFramework.scala:317)
	at sbt.TestFramework$.sbt$TestFramework$$withContextLoader(TestFramework.scala:277)
	at sbt.TestFramework$$anon$3$$anonfun$$lessinit$greater$1.apply(TestFramework.scala:317)
	at sbt.TestFramework$$anon$3$$anonfun$$lessinit$greater$1.apply(TestFramework.scala:317)
	at sbt.TestFunction.apply(TestFramework.scala:329)
	at sbt.Tests$.$anonfun$toTask$1(Tests.scala:311)
	at sbt.std.Transform$$anon$3.$anonfun$apply$2(Transform.scala:46)
	at sbt.std.Transform$$anon$4.work(Transform.scala:67)
	at sbt.Execute.$anonfun$submit$2(Execute.scala:281)
	at sbt.internal.util.ErrorHandling$.wideConvert(ErrorHandling.scala:19)
	at sbt.Execute.work(Execute.scala:290)
	at sbt.Execute.$anonfun$submit$1(Execute.scala:281)
	at sbt.ConcurrentRestrictions$$anon$4.$anonfun$submitValid$1(ConcurrentRestrictions.scala:178)
	at sbt.CompletionService$$anon$2.call(CompletionService.scala:37)
	at java.base/java.util.concurrent.FutureTask.run(FutureTask.java:264)
	at java.base/java.util.concurrent.Executors$RunnableAdapter.call(Executors.java:515)
	at java.base/java.util.concurrent.FutureTask.run(FutureTask.java:264)
	at java.base/java.util.concurrent.ThreadPoolExecutor.runWorker(ThreadPoolExecutor.java:1128)
	at java.base/java.util.concurrent.ThreadPoolExecutor$Worker.run(ThreadPoolExecutor.java:628)
	at java.base/java.lang.Thread.run(Thread.java:834)
</failure>
                                               </testcase>
                     <system-out><![CDATA[]]></system-out>
                     <system-err><![CDATA[]]></system-err>
                   </testsuite>